  Actor.cpp
C:\Users\dkwna\Desktop\ClASS\수업\수업\Actor.cpp(18,1): error C2248: 'FVector2D::~FVector2D': private 멤버('FVector2D' 클래스에서 선언)에 액세스할 수 없습니다.
C:\Users\dkwna\Desktop\ClASS\수업\수업\Vector2D.h(6): message : 'FVector2D::~FVector2D' 선언을 참조하십시오.
C:\Users\dkwna\Desktop\ClASS\수업\수업\Vector2D.h(3): message : 'FVector2D' 선언을 참조하십시오.
  AFloor.cpp
C:\Users\dkwna\Desktop\ClASS\수업\수업\AFloor.cpp(4,1): error C2248: 'FVector2D::FVector2D': private 멤버('FVector2D' 클래스에서 선언)에 액세스할 수 없습니다.
C:\Users\dkwna\Desktop\ClASS\수업\수업\Vector2D.h(5): message : 'FVector2D::FVector2D' 선언을 참조하십시오.
C:\Users\dkwna\Desktop\ClASS\수업\수업\Vector2D.h(3): message : 'FVector2D' 선언을 참조하십시오.
C:\Users\dkwna\Desktop\ClASS\수업\수업\AFloor.cpp(8,1): error C2248: 'FVector2D::~FVector2D': private 멤버('FVector2D' 클래스에서 선언)에 액세스할 수 없습니다.
C:\Users\dkwna\Desktop\ClASS\수업\수업\Vector2D.h(6): message : 'FVector2D::~FVector2D' 선언을 참조하십시오.
C:\Users\dkwna\Desktop\ClASS\수업\수업\Vector2D.h(3): message : 'FVector2D' 선언을 참조하십시오.
  AGoal.cpp
C:\Users\dkwna\Desktop\ClASS\수업\수업\AGoal.h(8,11): error C2143: 구문 오류: ';'이(가) '*' 앞에 없습니다.
C:\Users\dkwna\Desktop\ClASS\수업\수업\AGoal.h(8,11): error C4430: 형식 지정자가 없습니다. int로 가정합니다. 참고: C++에서는 기본 int를 지원하지 않습니다.
C:\Users\dkwna\Desktop\ClASS\수업\수업\AGoal.h(8,21): error C2238: ';' 앞에 예기치 않은 토큰이 있습니다.
  AWall.cpp
C:\Users\dkwna\Desktop\ClASS\수업\수업\AWall.cpp(22,1): error C2248: 'FVector2D::~FVector2D': private 멤버('FVector2D' 클래스에서 선언)에 액세스할 수 없습니다.
C:\Users\dkwna\Desktop\ClASS\수업\수업\Vector2D.h(6): message : 'FVector2D::~FVector2D' 선언을 참조하십시오.
C:\Users\dkwna\Desktop\ClASS\수업\수업\AWall.h(4): message : 'FVector2D' 선언을 참조하십시오.
  UEngin.cpp
C:\Users\dkwna\Desktop\ClASS\수업\수업\UEngin.cpp(11,2): error C3861: 'Term': 식별자를 찾을 수 없습니다.
  UWorld.cpp
  코드를 생성하고 있습니다...
